<?xml version="1.0" encoding="UTF-8"?>
<!-- Generated by org.testng.reporters.JUnitXMLReporter -->
<testsuite ignored="18" hostname="DESKTOP-D43JTPR" failures="0" tests="1" name="testng.xml" time="635.775" errors="0" timestamp="2025-11-07T19:14:21 IST">
  <testcase classname="TestCases.processmap_rejections" name="processmap_rejections" time="387.515"/>
  <testcase classname="Base.Baseclass" name="@BeforeSuite openURL" time="0.0">
    <ignored/>
  </testcase> <!-- @BeforeSuite openURL -->
  <testcase classname="Base.Baseclass" name="@AfterSuite closeTheUrl" time="0.0">
    <ignored/>
  </testcase> <!-- @AfterSuite closeTheUrl -->
  <testcase classname="Base.Baseclass" name="@AfterSuite closeTheUrl" time="0.0">
    <ignored/>
  </testcase> <!-- @AfterSuite closeTheUrl -->
  <testcase classname="Base.Baseclass" name="@BeforeSuite openURL" time="0.0">
    <ignored/>
  </testcase> <!-- @BeforeSuite openURL -->
  <testcase classname="Base.Baseclass" name="@BeforeSuite openURL" time="0.0">
    <ignored/>
  </testcase> <!-- @BeforeSuite openURL -->
  <testcase classname="Base.Baseclass" name="@AfterSuite closeTheUrl" time="0.0">
    <ignored/>
  </testcase> <!-- @AfterSuite closeTheUrl -->
  <testcase classname="Base.Baseclass" name="@BeforeSuite openURL" time="0.0">
    <ignored/>
  </testcase> <!-- @BeforeSuite openURL -->
  <testcase classname="Base.Baseclass" name="@AfterSuite closeTheUrl" time="0.0">
    <ignored/>
  </testcase> <!-- @AfterSuite closeTheUrl -->
  <testcase classname="Base.Baseclass" name="@AfterSuite closeTheUrl" time="0.0">
    <ignored/>
  </testcase> <!-- @AfterSuite closeTheUrl -->
  <testcase classname="Base.Baseclass" name="@AfterSuite closeTheUrl" time="0.0">
    <ignored/>
  </testcase> <!-- @AfterSuite closeTheUrl -->
  <testcase classname="Base.Baseclass" name="@AfterSuite closeTheUrl" time="0.0">
    <ignored/>
  </testcase> <!-- @AfterSuite closeTheUrl -->
  <testcase classname="Base.Baseclass" name="@BeforeSuite openURL" time="0.0">
    <ignored/>
  </testcase> <!-- @BeforeSuite openURL -->
  <testcase classname="Base.Baseclass" name="@BeforeSuite openURL" time="0.0">
    <ignored/>
  </testcase> <!-- @BeforeSuite openURL -->
  <testcase classname="Base.Baseclass" name="@BeforeSuite openURL" time="0.0">
    <ignored/>
  </testcase> <!-- @BeforeSuite openURL -->
  <testcase classname="Base.Baseclass" name="@AfterSuite closeTheUrl" time="0.0">
    <ignored/>
  </testcase> <!-- @AfterSuite closeTheUrl -->
  <testcase classname="Base.Baseclass" name="@BeforeSuite openURL" time="0.0">
    <ignored/>
  </testcase> <!-- @BeforeSuite openURL -->
  <testcase classname="Base.Baseclass" name="@BeforeSuite openURL" time="0.0">
    <ignored/>
  </testcase> <!-- @BeforeSuite openURL -->
  <testcase classname="Base.Baseclass" name="@AfterSuite closeTheUrl" time="0.0">
    <ignored/>
  </testcase> <!-- @AfterSuite closeTheUrl -->
</testsuite> <!-- testng.xml -->
