<?xml version="1.0" encoding="UTF-8"?>
<!-- Generated by org.testng.reporters.JUnitXMLReporter -->
<testsuite ignored="1" hostname="DESKTOP-NKC7S6A" failures="0" tests="1" name="testng.xml" time="354.248" errors="0" timestamp="2025-11-17T15:23:36 IST">
  <testcase classname="TestCases.processmap_rejections" name="processmap_rejections" time="312.824"/>
  <testcase classname="Base.Baseclass" name="@AfterSuite closeTheUrl" time="0.0">
    <ignored/>
  </testcase> <!-- @AfterSuite closeTheUrl -->
</testsuite> <!-- testng.xml -->
