<?xml version="1.0" encoding="UTF-8"?>
<testng-results ignored="0" total="1" passed="1" failed="0" skipped="0">
  <reporter-output>
  </reporter-output>
  <suite started-at="2025-11-12T11:06:53 IST" name="Default suite" finished-at="2025-11-12T11:12:07 IST" duration-ms="313618">
    <groups>
    </groups>
    <test started-at="2025-11-12T11:06:53 IST" name="Default test" finished-at="2025-11-12T11:12:07 IST" duration-ms="313618">
      <class name="TestCases.processmap_rejections">
        <test-method is-config="true" signature="openURL()[pri:0, instance:TestCases.processmap_rejections@20d525]" started-at="2025-11-12T11:06:45 IST" name="openURL" finished-at="2025-11-12T11:06:53 IST" duration-ms="8417" status="PASS">
          <reporter-output>
          </reporter-output>
        </test-method> <!-- openURL -->
        <test-method signature="processmap_rejections()[pri:0, instance:TestCases.processmap_rejections@20d525]" started-at="2025-11-12T11:06:53 IST" name="processmap_rejections" finished-at="2025-11-12T11:12:07 IST" duration-ms="313525" status="PASS">
          <reporter-output>
          </reporter-output>
        </test-method> <!-- processmap_rejections -->
        <test-method is-config="true" signature="closeTheUrl()[pri:0, instance:TestCases.processmap_rejections@20d525]" started-at="2025-11-12T11:12:07 IST" name="closeTheUrl" finished-at="2025-11-12T11:12:07 IST" duration-ms="106" status="PASS">
          <reporter-output>
          </reporter-output>
        </test-method> <!-- closeTheUrl -->
      </class> <!-- TestCases.processmap_rejections -->
    </test> <!-- Default test -->
  </suite> <!-- Default suite -->
</testng-results>
