<?xml version="1.0" encoding="UTF-8"?>
<testng-results ignored="0" total="1" passed="0" failed="1" skipped="0">
  <reporter-output>
  </reporter-output>
  <suite started-at="2025-11-07T17:25:41 IST" name="Default suite" finished-at="2025-11-07T17:25:41 IST" duration-ms="81">
    <groups>
    </groups>
    <test started-at="2025-11-07T17:25:41 IST" name="Default test" finished-at="2025-11-07T17:25:41 IST" duration-ms="81">
      <class name="TestCases.Team_salary">
        <test-method is-config="true" signature="openURL()[pri:0, instance:TestCases.Team_salary@2cd76f31]" started-at="2025-11-07T17:25:19 IST" name="openURL" finished-at="2025-11-07T17:25:41 IST" duration-ms="22232" status="PASS">
          <reporter-output>
          </reporter-output>
        </test-method> <!-- openURL -->
        <test-method signature="team_salary()[pri:0, instance:TestCases.Team_salary@2cd76f31]" started-at="2025-11-07T17:25:41 IST" name="team_salary" finished-at="2025-11-07T17:25:41 IST" duration-ms="12" status="FAIL">
          <exception class="java.lang.Error">
            <message>
              <![CDATA[Unresolved compilation problems: 
CONTROL cannot be resolved or is not a field
The method chord(String) is undefined for the type Keys
BACK_SPACE cannot be resolved or is not a field
]]>
            </message>
            <full-stacktrace>
              <![CDATA[java.lang.Error: Unresolved compilation problems: 
CONTROL cannot be resolved or is not a field
The method chord(String) is undefined for the type Keys
BACK_SPACE cannot be resolved or is not a field

at TestCases.Team_salary.team_salary(Team_salary.java:133)
at java.base/jdk.internal.reflect.DirectMethodHandleAccessor.invoke(DirectMethodHandleAccessor.java:103)
at java.base/java.lang.reflect.Method.invoke(Method.java:580)
at org.testng.internal.invokers.MethodInvocationHelper.invokeMethod(MethodInvocationHelper.java:141)
at org.testng.internal.invokers.TestInvoker.invokeMethod(TestInvoker.java:687)
at org.testng.internal.invokers.TestInvoker.invokeTestMethod(TestInvoker.java:230)
at org.testng.internal.invokers.MethodRunner.runInSequence(MethodRunner.java:63)
at org.testng.internal.invokers.TestInvoker$MethodInvocationAgent.invoke(TestInvoker.java:995)
at org.testng.internal.invokers.TestInvoker.invokeTestMethods(TestInvoker.java:203)
at org.testng.internal.invokers.TestMethodWorker.invokeTestMethods(TestMethodWorker.java:154)
at org.testng.internal.invokers.TestMethodWorker.run(TestMethodWorker.java:134)
at java.base/java.util.ArrayList.forEach(ArrayList.java:1596)
at org.testng.TestRunner.privateRun(TestRunner.java:741)
at org.testng.TestRunner.run(TestRunner.java:616)
at org.testng.SuiteRunner.runTest(SuiteRunner.java:421)
at org.testng.SuiteRunner.runSequentially(SuiteRunner.java:413)
at org.testng.SuiteRunner.privateRun(SuiteRunner.java:373)
at org.testng.SuiteRunner.run(SuiteRunner.java:312)
at org.testng.SuiteRunnerWorker.runSuite(SuiteRunnerWorker.java:52)
at org.testng.SuiteRunnerWorker.run(SuiteRunnerWorker.java:95)
at org.testng.TestNG.runSuitesSequentially(TestNG.java:1274)
at org.testng.TestNG.runSuitesLocally(TestNG.java:1208)
at org.testng.TestNG.runSuites(TestNG.java:1112)
at org.testng.TestNG.run(TestNG.java:1079)
at org.testng.remote.AbstractRemoteTestNG.run(AbstractRemoteTestNG.java:115)
at org.testng.remote.RemoteTestNG.initAndRun(RemoteTestNG.java:293)
at org.testng.remote.RemoteTestNG.main(RemoteTestNG.java:91)
]]>
            </full-stacktrace>
          </exception> <!-- java.lang.Error -->
          <reporter-output>
          </reporter-output>
        </test-method> <!-- team_salary -->
        <test-method is-config="true" signature="closeTheUrl()[pri:0, instance:TestCases.Team_salary@2cd76f31]" started-at="2025-11-07T17:25:41 IST" name="closeTheUrl" finished-at="2025-11-07T17:25:41 IST" duration-ms="123" status="PASS">
          <reporter-output>
          </reporter-output>
        </test-method> <!-- closeTheUrl -->
      </class> <!-- TestCases.Team_salary -->
    </test> <!-- Default test -->
  </suite> <!-- Default suite -->
</testng-results>
