<?xml version="1.0" encoding="UTF-8"?>
<!-- Generated by org.testng.reporters.JUnitReportReporter -->
<testsuite hostname="DESKTOP-NKC7S6A" failures="0" tests="1" name="Decision_tree_automation.Automation_motgage_project_for_creation" time="25.132" errors="0" timestamp="2025-12-15T14:37:09 IST" skipped="0">
  <testcase classname="Decision_tree_automation.Automation_motgage_project_for_creation" name="insorce" time="25.132"/>
</testsuite> <!-- Decision_tree_automation.Automation_motgage_project_for_creation -->
