<?xml version="1.0" encoding="UTF-8"?>
<!-- Generated by org.testng.reporters.JUnitReportReporter -->
<testsuite hostname="DESKTOP-NKC7S6A" failures="0" tests="1" name="Decision_tree_validation.Benefit_calculations_decision_tree" time="36.576" errors="0" timestamp="2025-12-12T15:35:13 IST" skipped="0">
  <testcase classname="Decision_tree_validation.Benefit_calculations_decision_tree" name="data_validation" time="36.576"/>
</testsuite> <!-- Decision_tree_validation.Benefit_calculations_decision_tree -->
